2023-10-23 11:08:21,524 INFO m.ApplicationManager [ApplicationManager.java:21] open page: https://ilcarro.web.app/search
2023-10-23 11:08:21,660 INFO m.TestNGListener [TestNGListener.java:51] start test - onstart - : Gradle test
2023-10-23 11:08:21,679 INFO t.BaseTest [BaseTest.java:45] ---------------------------------------
2023-10-23 11:08:21,679 INFO t.BaseTest [BaseTest.java:46] started method: negativeRegistrationBlankEmail
2023-10-23 11:08:21,680 INFO t.BaseTest [BaseTest.java:47] started method with params: []
2023-10-23 11:08:21,681 INFO m.WDListener [WDListener.java:85] start method click
2023-10-23 11:09:21,748 INFO m.WDListener [WDListener.java:91] done method click
2023-10-23 11:09:21,749 INFO m.TestNGListener [TestNGListener.java:16] started test: negativeRegistrationBlankEmail
2023-10-23 11:09:21,749 INFO m.WDListener [WDListener.java:85] start method click
2023-10-23 11:09:21,767 INFO m.WDListener [WDListener.java:91] done method click
2023-10-23 11:09:21,867 INFO m.WDListener [WDListener.java:85] start method click
2023-10-23 11:09:21,893 INFO m.WDListener [WDListener.java:91] done method click
2023-10-23 11:09:22,051 INFO m.WDListener [WDListener.java:85] start method click
2023-10-23 11:09:22,077 INFO m.WDListener [WDListener.java:91] done method click
2023-10-23 11:09:22,181 INFO m.WDListener [WDListener.java:85] start method click
2023-10-23 11:09:22,199 INFO m.WDListener [WDListener.java:91] done method click
2023-10-23 11:09:22,313 INFO m.WDListener [WDListener.java:85] start method click
2023-10-23 11:09:22,339 INFO m.WDListener [WDListener.java:91] done method click
2023-10-23 11:09:22,443 INFO m.WDListener [WDListener.java:85] start method click
2023-10-23 11:09:22,460 INFO m.WDListener [WDListener.java:91] done method click
2023-10-23 11:09:22,722 INFO m.WDListener [WDListener.java:85] start method click
2023-10-23 11:09:22,744 INFO m.WDListener [WDListener.java:91] done method click
2023-10-23 11:09:22,778 INFO m.WDListener [WDListener.java:85] start method click
2023-10-23 11:09:22,807 INFO m.WDListener [WDListener.java:91] done method click
2023-10-23 11:09:22,822 INFO m.WDListener [WDListener.java:173] get text from the element with text: Email is required
2023-10-23 11:09:22,829 INFO m.WDListener [WDListener.java:179] got the text successful
2023-10-23 11:09:22,832 INFO m.TestNGListener [TestNGListener.java:22] test success: negativeRegistrationBlankEmail
2023-10-23 11:09:22,834 INFO m.WDListener [WDListener.java:85] start method click
2023-10-23 11:10:22,849 INFO m.WDListener [WDListener.java:91] done method click
2023-10-23 11:10:28,321 INFO t.BaseTest [BaseTest.java:52] stopped method: negativeRegistrationBlankEmail
2023-10-23 11:10:28,321 INFO t.BaseTest [BaseTest.java:53] stopped method with params: []
2023-10-23 11:10:28,324 INFO t.BaseTest [BaseTest.java:45] ---------------------------------------
2023-10-23 11:10:28,325 INFO t.BaseTest [BaseTest.java:46] started method: negativeRegistrationWrongEmail
2023-10-23 11:10:28,325 INFO t.BaseTest [BaseTest.java:47] started method with params: []
2023-10-23 11:10:28,325 INFO m.WDListener [WDListener.java:85] start method click
2023-10-23 11:11:28,381 INFO m.WDListener [WDListener.java:91] done method click
2023-10-23 11:11:28,382 INFO m.TestNGListener [TestNGListener.java:16] started test: negativeRegistrationWrongEmail
2023-10-23 11:11:28,382 INFO m.WDListener [WDListener.java:85] start method click
2023-10-23 11:11:28,401 INFO m.WDListener [WDListener.java:91] done method click
2023-10-23 11:11:28,458 INFO m.WDListener [WDListener.java:85] start method click
2023-10-23 11:11:28,481 INFO m.WDListener [WDListener.java:91] done method click
2023-10-23 11:11:28,608 INFO m.WDListener [WDListener.java:85] start method click
2023-10-23 11:11:28,622 INFO m.WDListener [WDListener.java:91] done method click
2023-10-23 11:11:28,712 INFO m.WDListener [WDListener.java:85] start method click
2023-10-23 11:11:28,730 INFO m.WDListener [WDListener.java:91] done method click
2023-10-23 11:11:28,834 INFO m.WDListener [WDListener.java:85] start method click
2023-10-23 11:11:28,853 INFO m.WDListener [WDListener.java:91] done method click
2023-10-23 11:11:28,962 INFO m.WDListener [WDListener.java:85] start method click
2023-10-23 11:11:28,980 INFO m.WDListener [WDListener.java:91] done method click
2023-10-23 11:11:29,020 INFO m.WDListener [WDListener.java:139] start on exception in WDListener class
2023-10-23 11:11:29,020 INFO m.WDListener [WDListener.java:142] created name for the screenshot: C:\QA_Projects\iCarroQA20-main\src\test\screenshots/screenshot-2023-10-23_11_11_29.png
2023-10-23 11:11:29,021 ERROR m.WDListener [WDListener.java:143] move target out of bounds
  (Session info: chrome=118.0.5993.71)
Build info: version: '3.141.59', revision: 'e82be7d358', time: '2018-11-14T08:17:03'
System info: host: 'HOLDRAY', ip: '192.168.1.54', os.name: 'Windows 11', os.arch: 'amd64', os.version: '10.0', java.version: '1.8.0_333'
Driver info: org.openqa.selenium.chrome.ChromeDriver
Capabilities {acceptInsecureCerts: false, browserName: chrome, browserVersion: 118.0.5993.71, chrome: {chromedriverVersion: 118.0.5993.70 (e52f33f30b91..., userDataDir: C:\Users\Tipav\AppData\Loca...}, fedcm:accounts: true, goog:chromeOptions: {debuggerAddress: localhost:55316}, javascriptEnabled: true, networkConnectionEnabled: false, pageLoadStrategy: normal, platform: WINDOWS, platformName: WINDOWS, proxy: Proxy(), setWindowRect: true, strictFileInteractability: false, timeouts: {implicit: 0, pageLoad: 300000, script: 30000}, unhandledPromptBehavior: dismiss and notify, webauthn:extension:credBlob: true, webauthn:extension:largeBlob: true, webauthn:extension:minPinLength: true, webauthn:extension:prf: true, webauthn:virtualAuthenticators: true}
Session ID: b7e5c8719718655afa4b759528c6c3fb
2023-10-23 11:11:29,021 ERROR m.WDListener [WDListener.java:144] [sun.reflect.NativeConstructorAccessorImpl.newInstance0(Native Method), sun.reflect.NativeConstructorAccessorImpl.newInstance(NativeConstructorAccessorImpl.java:62), sun.reflect.DelegatingConstructorAccessorImpl.newInstance(DelegatingConstructorAccessorImpl.java:45), java.lang.reflect.Constructor.newInstance(Constructor.java:423), org.openqa.selenium.remote.http.W3CHttpResponseCodec.createException(W3CHttpResponseCodec.java:187), org.openqa.selenium.remote.http.W3CHttpResponseCodec.decode(W3CHttpResponseCodec.java:122), org.openqa.selenium.remote.http.W3CHttpResponseCodec.decode(W3CHttpResponseCodec.java:49), org.openqa.selenium.remote.HttpCommandExecutor.execute(HttpCommandExecutor.java:158), org.openqa.selenium.remote.service.DriverCommandExecutor.execute(DriverCommandExecutor.java:83), org.openqa.selenium.remote.RemoteWebDriver.execute(RemoteWebDriver.java:552), org.openqa.selenium.remote.RemoteWebDriver.perform(RemoteWebDriver.java:618), sun.reflect.NativeMethodAccessorImpl.invoke0(Native Method), sun.reflect.NativeMethodAccessorImpl.invoke(NativeMethodAccessorImpl.java:62), sun.reflect.DelegatingMethodAccessorImpl.invoke(DelegatingMethodAccessorImpl.java:43), java.lang.reflect.Method.invoke(Method.java:498), org.openqa.selenium.support.events.EventFiringWebDriver.lambda$new$1(EventFiringWebDriver.java:105), com.sun.proxy.$Proxy14.perform(Unknown Source), org.openqa.selenium.support.events.EventFiringWebDriver.perform(EventFiringWebDriver.java:360), org.openqa.selenium.interactions.Actions$BuiltAction.perform(Actions.java:639), org.openqa.selenium.interactions.Actions.perform(Actions.java:595), manager.BaseHelper.clickByXY(BaseHelper.java:75), manager.UserHelper.fillRegistrationForm(UserHelper.java:74), tests.RegistrationTests.negativeRegistrationWrongEmail(RegistrationTests.java:49), sun.reflect.NativeMethodAccessorImpl.invoke0(Native Method), sun.reflect.NativeMethodAccessorImpl.invoke(NativeMethodAccessorImpl.java:62), sun.reflect.DelegatingMethodAccessorImpl.invoke(DelegatingMethodAccessorImpl.java:43), java.lang.reflect.Method.invoke(Method.java:498), org.testng.internal.MethodInvocationHelper.invokeMethod(MethodInvocationHelper.java:133), org.testng.internal.TestInvoker.invokeMethod(TestInvoker.java:598), org.testng.internal.TestInvoker.invokeTestMethod(TestInvoker.java:173), org.testng.internal.MethodRunner.runInSequence(MethodRunner.java:46), org.testng.internal.TestInvoker$MethodInvocationAgent.invoke(TestInvoker.java:824), org.testng.internal.TestInvoker.invokeTestMethods(TestInvoker.java:146), org.testng.internal.TestMethodWorker.invokeTestMethods(TestMethodWorker.java:146), org.testng.internal.TestMethodWorker.run(TestMethodWorker.java:128), java.util.ArrayList.forEach(ArrayList.java:1259), org.testng.TestRunner.privateRun(TestRunner.java:794), org.testng.TestRunner.run(TestRunner.java:596), org.testng.SuiteRunner.runTest(SuiteRunner.java:377), org.testng.SuiteRunner.runSequentially(SuiteRunner.java:371), org.testng.SuiteRunner.privateRun(SuiteRunner.java:332), org.testng.SuiteRunner.run(SuiteRunner.java:276), org.testng.SuiteRunnerWorker.runSuite(SuiteRunnerWorker.java:53), org.testng.SuiteRunnerWorker.run(SuiteRunnerWorker.java:96), org.testng.TestNG.runSuitesSequentially(TestNG.java:1212), org.testng.TestNG.runSuitesLocally(TestNG.java:1134), org.testng.TestNG.runSuites(TestNG.java:1063), org.testng.TestNG.run(TestNG.java:1031), org.gradle.api.internal.tasks.testing.testng.TestNGTestClassProcessor.runTests(TestNGTestClassProcessor.java:141), org.gradle.api.internal.tasks.testing.testng.TestNGTestClassProcessor.stop(TestNGTestClassProcessor.java:90), org.gradle.api.internal.tasks.testing.SuiteTestClassProcessor.stop(SuiteTestClassProcessor.java:61), sun.reflect.NativeMethodAccessorImpl.invoke0(Native Method), sun.reflect.NativeMethodAccessorImpl.invoke(NativeMethodAccessorImpl.java:62), sun.reflect.DelegatingMethodAccessorImpl.invoke(DelegatingMethodAccessorImpl.java:43), java.lang.reflect.Method.invoke(Method.java:498), org.gradle.internal.dispatch.ReflectionDispatch.dispatch(ReflectionDispatch.java:36), org.gradle.internal.dispatch.ReflectionDispatch.dispatch(ReflectionDispatch.java:24), org.gradle.internal.dispatch.ContextClassLoaderDispatch.dispatch(ContextClassLoaderDispatch.java:33), org.gradle.internal.dispatch.ProxyDispatchAdapter$DispatchingInvocationHandler.invoke(ProxyDispatchAdapter.java:94), com.sun.proxy.$Proxy2.stop(Unknown Source), org.gradle.api.internal.tasks.testing.worker.TestWorker$3.run(TestWorker.java:193), org.gradle.api.internal.tasks.testing.worker.TestWorker.executeAndMaintainThreadName(TestWorker.java:129), org.gradle.api.internal.tasks.testing.worker.TestWorker.execute(TestWorker.java:100), org.gradle.api.internal.tasks.testing.worker.TestWorker.execute(TestWorker.java:60), org.gradle.process.internal.worker.child.ActionExecutionWorker.execute(ActionExecutionWorker.java:56), org.gradle.process.internal.worker.child.SystemApplicationClassLoaderWorker.call(SystemApplicationClassLoaderWorker.java:133), org.gradle.process.internal.worker.child.SystemApplicationClassLoaderWorker.call(SystemApplicationClassLoaderWorker.java:71), worker.org.gradle.process.internal.worker.GradleWorkerMain.run(GradleWorkerMain.java:69), worker.org.gradle.process.internal.worker.GradleWorkerMain.main(GradleWorkerMain.java:74)]
2023-10-23 11:11:29,021 ERROR m.WDListener [WDListener.java:145] org.openqa.selenium.interactions.MoveTargetOutOfBoundsException: move target out of bounds
  (Session info: chrome=118.0.5993.71)
Build info: version: '3.141.59', revision: 'e82be7d358', time: '2018-11-14T08:17:03'
System info: host: 'HOLDRAY', ip: '192.168.1.54', os.name: 'Windows 11', os.arch: 'amd64', os.version: '10.0', java.version: '1.8.0_333'
Driver info: org.openqa.selenium.chrome.ChromeDriver
Capabilities {acceptInsecureCerts: false, browserName: chrome, browserVersion: 118.0.5993.71, chrome: {chromedriverVersion: 118.0.5993.70 (e52f33f30b91..., userDataDir: C:\Users\Tipav\AppData\Loca...}, fedcm:accounts: true, goog:chromeOptions: {debuggerAddress: localhost:55316}, javascriptEnabled: true, networkConnectionEnabled: false, pageLoadStrategy: normal, platform: WINDOWS, platformName: WINDOWS, proxy: Proxy(), setWindowRect: true, strictFileInteractability: false, timeouts: {implicit: 0, pageLoad: 300000, script: 30000}, unhandledPromptBehavior: dismiss and notify, webauthn:extension:credBlob: true, webauthn:extension:largeBlob: true, webauthn:extension:minPinLength: true, webauthn:extension:prf: true, webauthn:virtualAuthenticators: true}
Session ID: b7e5c8719718655afa4b759528c6c3fb
2023-10-23 11:11:29,516 INFO m.TestNGListener [TestNGListener.java:28] test failure: negativeRegistrationWrongEmail
2023-10-23 11:11:29,517 INFO m.WDListener [WDListener.java:85] start method click
2023-10-23 11:12:29,534 INFO m.WDListener [WDListener.java:91] done method click
2023-10-23 11:12:34,923 INFO t.BaseTest [BaseTest.java:52] stopped method: negativeRegistrationWrongEmail
2023-10-23 11:12:34,925 INFO t.BaseTest [BaseTest.java:53] stopped method with params: []
2023-10-23 11:12:34,925 INFO t.BaseTest [BaseTest.java:45] ---------------------------------------
2023-10-23 11:12:34,926 INFO t.BaseTest [BaseTest.java:46] started method: negativeRegistrationWrongPassword
2023-10-23 11:12:34,926 INFO t.BaseTest [BaseTest.java:47] started method with params: []
2023-10-23 11:12:34,926 INFO m.WDListener [WDListener.java:85] start method click
2023-10-23 11:13:34,950 INFO m.WDListener [WDListener.java:91] done method click
2023-10-23 11:13:34,951 INFO m.TestNGListener [TestNGListener.java:16] started test: negativeRegistrationWrongPassword
2023-10-23 11:13:34,951 INFO m.WDListener [WDListener.java:85] start method click
2023-10-23 11:13:34,970 INFO m.WDListener [WDListener.java:91] done method click
2023-10-23 11:13:35,029 INFO m.WDListener [WDListener.java:85] start method click
2023-10-23 11:13:35,050 INFO m.WDListener [WDListener.java:91] done method click
2023-10-23 11:13:35,175 INFO m.WDListener [WDListener.java:85] start method click
2023-10-23 11:13:35,192 INFO m.WDListener [WDListener.java:91] done method click
2023-10-23 11:13:35,282 INFO m.WDListener [WDListener.java:85] start method click
2023-10-23 11:13:35,299 INFO m.WDListener [WDListener.java:91] done method click
2023-10-23 11:13:35,416 INFO m.WDListener [WDListener.java:85] start method click
2023-10-23 11:13:35,439 INFO m.WDListener [WDListener.java:91] done method click
2023-10-23 11:13:35,532 INFO m.WDListener [WDListener.java:85] start method click
2023-10-23 11:13:35,549 INFO m.WDListener [WDListener.java:91] done method click
2023-10-23 11:13:35,573 INFO m.WDListener [WDListener.java:139] start on exception in WDListener class
2023-10-23 11:13:35,574 INFO m.WDListener [WDListener.java:142] created name for the screenshot: C:\QA_Projects\iCarroQA20-main\src\test\screenshots/screenshot-2023-10-23_11_13_35.png
2023-10-23 11:13:35,574 ERROR m.WDListener [WDListener.java:143] move target out of bounds
  (Session info: chrome=118.0.5993.71)
Build info: version: '3.141.59', revision: 'e82be7d358', time: '2018-11-14T08:17:03'
System info: host: 'HOLDRAY', ip: '192.168.1.54', os.name: 'Windows 11', os.arch: 'amd64', os.version: '10.0', java.version: '1.8.0_333'
Driver info: org.openqa.selenium.chrome.ChromeDriver
Capabilities {acceptInsecureCerts: false, browserName: chrome, browserVersion: 118.0.5993.71, chrome: {chromedriverVersion: 118.0.5993.70 (e52f33f30b91..., userDataDir: C:\Users\Tipav\AppData\Loca...}, fedcm:accounts: true, goog:chromeOptions: {debuggerAddress: localhost:55316}, javascriptEnabled: true, networkConnectionEnabled: false, pageLoadStrategy: normal, platform: WINDOWS, platformName: WINDOWS, proxy: Proxy(), setWindowRect: true, strictFileInteractability: false, timeouts: {implicit: 0, pageLoad: 300000, script: 30000}, unhandledPromptBehavior: dismiss and notify, webauthn:extension:credBlob: true, webauthn:extension:largeBlob: true, webauthn:extension:minPinLength: true, webauthn:extension:prf: true, webauthn:virtualAuthenticators: true}
Session ID: b7e5c8719718655afa4b759528c6c3fb
2023-10-23 11:13:35,574 ERROR m.WDListener [WDListener.java:144] [sun.reflect.NativeConstructorAccessorImpl.newInstance0(Native Method), sun.reflect.NativeConstructorAccessorImpl.newInstance(NativeConstructorAccessorImpl.java:62), sun.reflect.DelegatingConstructorAccessorImpl.newInstance(DelegatingConstructorAccessorImpl.java:45), java.lang.reflect.Constructor.newInstance(Constructor.java:423), org.openqa.selenium.remote.http.W3CHttpResponseCodec.createException(W3CHttpResponseCodec.java:187), org.openqa.selenium.remote.http.W3CHttpResponseCodec.decode(W3CHttpResponseCodec.java:122), org.openqa.selenium.remote.http.W3CHttpResponseCodec.decode(W3CHttpResponseCodec.java:49), org.openqa.selenium.remote.HttpCommandExecutor.execute(HttpCommandExecutor.java:158), org.openqa.selenium.remote.service.DriverCommandExecutor.execute(DriverCommandExecutor.java:83), org.openqa.selenium.remote.RemoteWebDriver.execute(RemoteWebDriver.java:552), org.openqa.selenium.remote.RemoteWebDriver.perform(RemoteWebDriver.java:618), sun.reflect.NativeMethodAccessorImpl.invoke0(Native Method), sun.reflect.NativeMethodAccessorImpl.invoke(NativeMethodAccessorImpl.java:62), sun.reflect.DelegatingMethodAccessorImpl.invoke(DelegatingMethodAccessorImpl.java:43), java.lang.reflect.Method.invoke(Method.java:498), org.openqa.selenium.support.events.EventFiringWebDriver.lambda$new$1(EventFiringWebDriver.java:105), com.sun.proxy.$Proxy14.perform(Unknown Source), org.openqa.selenium.support.events.EventFiringWebDriver.perform(EventFiringWebDriver.java:360), org.openqa.selenium.interactions.Actions$BuiltAction.perform(Actions.java:639), org.openqa.selenium.interactions.Actions.perform(Actions.java:595), manager.BaseHelper.clickByXY(BaseHelper.java:75), manager.UserHelper.fillRegistrationForm(UserHelper.java:74), tests.RegistrationTests.negativeRegistrationWrongPassword(RegistrationTests.java:64), sun.reflect.NativeMethodAccessorImpl.invoke0(Native Method), sun.reflect.NativeMethodAccessorImpl.invoke(NativeMethodAccessorImpl.java:62), sun.reflect.DelegatingMethodAccessorImpl.invoke(DelegatingMethodAccessorImpl.java:43), java.lang.reflect.Method.invoke(Method.java:498), org.testng.internal.MethodInvocationHelper.invokeMethod(MethodInvocationHelper.java:133), org.testng.internal.TestInvoker.invokeMethod(TestInvoker.java:598), org.testng.internal.TestInvoker.invokeTestMethod(TestInvoker.java:173), org.testng.internal.MethodRunner.runInSequence(MethodRunner.java:46), org.testng.internal.TestInvoker$MethodInvocationAgent.invoke(TestInvoker.java:824), org.testng.internal.TestInvoker.invokeTestMethods(TestInvoker.java:146), org.testng.internal.TestMethodWorker.invokeTestMethods(TestMethodWorker.java:146), org.testng.internal.TestMethodWorker.run(TestMethodWorker.java:128), java.util.ArrayList.forEach(ArrayList.java:1259), org.testng.TestRunner.privateRun(TestRunner.java:794), org.testng.TestRunner.run(TestRunner.java:596), org.testng.SuiteRunner.runTest(SuiteRunner.java:377), org.testng.SuiteRunner.runSequentially(SuiteRunner.java:371), org.testng.SuiteRunner.privateRun(SuiteRunner.java:332), org.testng.SuiteRunner.run(SuiteRunner.java:276), org.testng.SuiteRunnerWorker.runSuite(SuiteRunnerWorker.java:53), org.testng.SuiteRunnerWorker.run(SuiteRunnerWorker.java:96), org.testng.TestNG.runSuitesSequentially(TestNG.java:1212), org.testng.TestNG.runSuitesLocally(TestNG.java:1134), org.testng.TestNG.runSuites(TestNG.java:1063), org.testng.TestNG.run(TestNG.java:1031), org.gradle.api.internal.tasks.testing.testng.TestNGTestClassProcessor.runTests(TestNGTestClassProcessor.java:141), org.gradle.api.internal.tasks.testing.testng.TestNGTestClassProcessor.stop(TestNGTestClassProcessor.java:90), org.gradle.api.internal.tasks.testing.SuiteTestClassProcessor.stop(SuiteTestClassProcessor.java:61), sun.reflect.NativeMethodAccessorImpl.invoke0(Native Method), sun.reflect.NativeMethodAccessorImpl.invoke(NativeMethodAccessorImpl.java:62), sun.reflect.DelegatingMethodAccessorImpl.invoke(DelegatingMethodAccessorImpl.java:43), java.lang.reflect.Method.invoke(Method.java:498), org.gradle.internal.dispatch.ReflectionDispatch.dispatch(ReflectionDispatch.java:36), org.gradle.internal.dispatch.ReflectionDispatch.dispatch(ReflectionDispatch.java:24), org.gradle.internal.dispatch.ContextClassLoaderDispatch.dispatch(ContextClassLoaderDispatch.java:33), org.gradle.internal.dispatch.ProxyDispatchAdapter$DispatchingInvocationHandler.invoke(ProxyDispatchAdapter.java:94), com.sun.proxy.$Proxy2.stop(Unknown Source), org.gradle.api.internal.tasks.testing.worker.TestWorker$3.run(TestWorker.java:193), org.gradle.api.internal.tasks.testing.worker.TestWorker.executeAndMaintainThreadName(TestWorker.java:129), org.gradle.api.internal.tasks.testing.worker.TestWorker.execute(TestWorker.java:100), org.gradle.api.internal.tasks.testing.worker.TestWorker.execute(TestWorker.java:60), org.gradle.process.internal.worker.child.ActionExecutionWorker.execute(ActionExecutionWorker.java:56), org.gradle.process.internal.worker.child.SystemApplicationClassLoaderWorker.call(SystemApplicationClassLoaderWorker.java:133), org.gradle.process.internal.worker.child.SystemApplicationClassLoaderWorker.call(SystemApplicationClassLoaderWorker.java:71), worker.org.gradle.process.internal.worker.GradleWorkerMain.run(GradleWorkerMain.java:69), worker.org.gradle.process.internal.worker.GradleWorkerMain.main(GradleWorkerMain.java:74)]
2023-10-23 11:13:35,575 ERROR m.WDListener [WDListener.java:145] org.openqa.selenium.interactions.MoveTargetOutOfBoundsException: move target out of bounds
  (Session info: chrome=118.0.5993.71)
Build info: version: '3.141.59', revision: 'e82be7d358', time: '2018-11-14T08:17:03'
System info: host: 'HOLDRAY', ip: '192.168.1.54', os.name: 'Windows 11', os.arch: 'amd64', os.version: '10.0', java.version: '1.8.0_333'
Driver info: org.openqa.selenium.chrome.ChromeDriver
Capabilities {acceptInsecureCerts: false, browserName: chrome, browserVersion: 118.0.5993.71, chrome: {chromedriverVersion: 118.0.5993.70 (e52f33f30b91..., userDataDir: C:\Users\Tipav\AppData\Loca...}, fedcm:accounts: true, goog:chromeOptions: {debuggerAddress: localhost:55316}, javascriptEnabled: true, networkConnectionEnabled: false, pageLoadStrategy: normal, platform: WINDOWS, platformName: WINDOWS, proxy: Proxy(), setWindowRect: true, strictFileInteractability: false, timeouts: {implicit: 0, pageLoad: 300000, script: 30000}, unhandledPromptBehavior: dismiss and notify, webauthn:extension:credBlob: true, webauthn:extension:largeBlob: true, webauthn:extension:minPinLength: true, webauthn:extension:prf: true, webauthn:virtualAuthenticators: true}
Session ID: b7e5c8719718655afa4b759528c6c3fb
2023-10-23 11:13:36,073 INFO m.TestNGListener [TestNGListener.java:28] test failure: negativeRegistrationWrongPassword
2023-10-23 11:13:36,073 INFO m.WDListener [WDListener.java:85] start method click
2023-10-23 11:14:36,100 INFO m.WDListener [WDListener.java:91] done method click
2023-10-23 11:14:41,547 INFO t.BaseTest [BaseTest.java:52] stopped method: negativeRegistrationWrongPassword
2023-10-23 11:14:41,547 INFO t.BaseTest [BaseTest.java:53] stopped method with params: []
2023-10-23 11:14:41,550 INFO t.BaseTest [BaseTest.java:45] ---------------------------------------
2023-10-23 11:14:41,550 INFO t.BaseTest [BaseTest.java:46] started method: positiveRegistration
2023-10-23 11:14:41,550 INFO t.BaseTest [BaseTest.java:47] started method with params: []
2023-10-23 11:14:41,550 INFO m.WDListener [WDListener.java:85] start method click
2023-10-23 11:15:41,623 INFO m.WDListener [WDListener.java:91] done method click
2023-10-23 11:15:41,625 INFO m.TestNGListener [TestNGListener.java:16] started test: positiveRegistration
2023-10-23 11:15:41,625 INFO m.WDListener [WDListener.java:85] start method click
2023-10-23 11:15:41,644 INFO m.WDListener [WDListener.java:91] done method click
2023-10-23 11:15:41,702 INFO m.WDListener [WDListener.java:85] start method click
2023-10-23 11:15:41,723 INFO m.WDListener [WDListener.java:91] done method click
2023-10-23 11:15:41,835 INFO m.WDListener [WDListener.java:85] start method click
2023-10-23 11:15:41,847 INFO m.WDListener [WDListener.java:91] done method click
2023-10-23 11:15:41,938 INFO m.WDListener [WDListener.java:85] start method click
2023-10-23 11:15:41,958 INFO m.WDListener [WDListener.java:91] done method click
2023-10-23 11:15:42,074 INFO m.WDListener [WDListener.java:85] start method click
2023-10-23 11:15:42,096 INFO m.WDListener [WDListener.java:91] done method click
2023-10-23 11:15:42,192 INFO m.WDListener [WDListener.java:85] start method click
2023-10-23 11:15:42,208 INFO m.WDListener [WDListener.java:91] done method click
2023-10-23 11:15:42,232 INFO m.WDListener [WDListener.java:139] start on exception in WDListener class
2023-10-23 11:15:42,232 INFO m.WDListener [WDListener.java:142] created name for the screenshot: C:\QA_Projects\iCarroQA20-main\src\test\screenshots/screenshot-2023-10-23_11_15_42.png
2023-10-23 11:15:42,232 ERROR m.WDListener [WDListener.java:143] move target out of bounds
  (Session info: chrome=118.0.5993.71)
Build info: version: '3.141.59', revision: 'e82be7d358', time: '2018-11-14T08:17:03'
System info: host: 'HOLDRAY', ip: '192.168.1.54', os.name: 'Windows 11', os.arch: 'amd64', os.version: '10.0', java.version: '1.8.0_333'
Driver info: org.openqa.selenium.chrome.ChromeDriver
Capabilities {acceptInsecureCerts: false, browserName: chrome, browserVersion: 118.0.5993.71, chrome: {chromedriverVersion: 118.0.5993.70 (e52f33f30b91..., userDataDir: C:\Users\Tipav\AppData\Loca...}, fedcm:accounts: true, goog:chromeOptions: {debuggerAddress: localhost:55316}, javascriptEnabled: true, networkConnectionEnabled: false, pageLoadStrategy: normal, platform: WINDOWS, platformName: WINDOWS, proxy: Proxy(), setWindowRect: true, strictFileInteractability: false, timeouts: {implicit: 0, pageLoad: 300000, script: 30000}, unhandledPromptBehavior: dismiss and notify, webauthn:extension:credBlob: true, webauthn:extension:largeBlob: true, webauthn:extension:minPinLength: true, webauthn:extension:prf: true, webauthn:virtualAuthenticators: true}
Session ID: b7e5c8719718655afa4b759528c6c3fb
2023-10-23 11:15:42,233 ERROR m.WDListener [WDListener.java:144] [sun.reflect.NativeConstructorAccessorImpl.newInstance0(Native Method), sun.reflect.NativeConstructorAccessorImpl.newInstance(NativeConstructorAccessorImpl.java:62), sun.reflect.DelegatingConstructorAccessorImpl.newInstance(DelegatingConstructorAccessorImpl.java:45), java.lang.reflect.Constructor.newInstance(Constructor.java:423), org.openqa.selenium.remote.http.W3CHttpResponseCodec.createException(W3CHttpResponseCodec.java:187), org.openqa.selenium.remote.http.W3CHttpResponseCodec.decode(W3CHttpResponseCodec.java:122), org.openqa.selenium.remote.http.W3CHttpResponseCodec.decode(W3CHttpResponseCodec.java:49), org.openqa.selenium.remote.HttpCommandExecutor.execute(HttpCommandExecutor.java:158), org.openqa.selenium.remote.service.DriverCommandExecutor.execute(DriverCommandExecutor.java:83), org.openqa.selenium.remote.RemoteWebDriver.execute(RemoteWebDriver.java:552), org.openqa.selenium.remote.RemoteWebDriver.perform(RemoteWebDriver.java:618), sun.reflect.NativeMethodAccessorImpl.invoke0(Native Method), sun.reflect.NativeMethodAccessorImpl.invoke(NativeMethodAccessorImpl.java:62), sun.reflect.DelegatingMethodAccessorImpl.invoke(DelegatingMethodAccessorImpl.java:43), java.lang.reflect.Method.invoke(Method.java:498), org.openqa.selenium.support.events.EventFiringWebDriver.lambda$new$1(EventFiringWebDriver.java:105), com.sun.proxy.$Proxy14.perform(Unknown Source), org.openqa.selenium.support.events.EventFiringWebDriver.perform(EventFiringWebDriver.java:360), org.openqa.selenium.interactions.Actions$BuiltAction.perform(Actions.java:639), org.openqa.selenium.interactions.Actions.perform(Actions.java:595), manager.BaseHelper.clickByXY(BaseHelper.java:75), manager.UserHelper.fillRegistrationForm(UserHelper.java:74), tests.RegistrationTests.positiveRegistration(RegistrationTests.java:36), sun.reflect.NativeMethodAccessorImpl.invoke0(Native Method), sun.reflect.NativeMethodAccessorImpl.invoke(NativeMethodAccessorImpl.java:62), sun.reflect.DelegatingMethodAccessorImpl.invoke(DelegatingMethodAccessorImpl.java:43), java.lang.reflect.Method.invoke(Method.java:498), org.testng.internal.MethodInvocationHelper.invokeMethod(MethodInvocationHelper.java:133), org.testng.internal.TestInvoker.invokeMethod(TestInvoker.java:598), org.testng.internal.TestInvoker.invokeTestMethod(TestInvoker.java:173), org.testng.internal.MethodRunner.runInSequence(MethodRunner.java:46), org.testng.internal.TestInvoker$MethodInvocationAgent.invoke(TestInvoker.java:824), org.testng.internal.TestInvoker.invokeTestMethods(TestInvoker.java:146), org.testng.internal.TestMethodWorker.invokeTestMethods(TestMethodWorker.java:146), org.testng.internal.TestMethodWorker.run(TestMethodWorker.java:128), java.util.ArrayList.forEach(ArrayList.java:1259), org.testng.TestRunner.privateRun(TestRunner.java:794), org.testng.TestRunner.run(TestRunner.java:596), org.testng.SuiteRunner.runTest(SuiteRunner.java:377), org.testng.SuiteRunner.runSequentially(SuiteRunner.java:371), org.testng.SuiteRunner.privateRun(SuiteRunner.java:332), org.testng.SuiteRunner.run(SuiteRunner.java:276), org.testng.SuiteRunnerWorker.runSuite(SuiteRunnerWorker.java:53), org.testng.SuiteRunnerWorker.run(SuiteRunnerWorker.java:96), org.testng.TestNG.runSuitesSequentially(TestNG.java:1212), org.testng.TestNG.runSuitesLocally(TestNG.java:1134), org.testng.TestNG.runSuites(TestNG.java:1063), org.testng.TestNG.run(TestNG.java:1031), org.gradle.api.internal.tasks.testing.testng.TestNGTestClassProcessor.runTests(TestNGTestClassProcessor.java:141), org.gradle.api.internal.tasks.testing.testng.TestNGTestClassProcessor.stop(TestNGTestClassProcessor.java:90), org.gradle.api.internal.tasks.testing.SuiteTestClassProcessor.stop(SuiteTestClassProcessor.java:61), sun.reflect.NativeMethodAccessorImpl.invoke0(Native Method), sun.reflect.NativeMethodAccessorImpl.invoke(NativeMethodAccessorImpl.java:62), sun.reflect.DelegatingMethodAccessorImpl.invoke(DelegatingMethodAccessorImpl.java:43), java.lang.reflect.Method.invoke(Method.java:498), org.gradle.internal.dispatch.ReflectionDispatch.dispatch(ReflectionDispatch.java:36), org.gradle.internal.dispatch.ReflectionDispatch.dispatch(ReflectionDispatch.java:24), org.gradle.internal.dispatch.ContextClassLoaderDispatch.dispatch(ContextClassLoaderDispatch.java:33), org.gradle.internal.dispatch.ProxyDispatchAdapter$DispatchingInvocationHandler.invoke(ProxyDispatchAdapter.java:94), com.sun.proxy.$Proxy2.stop(Unknown Source), org.gradle.api.internal.tasks.testing.worker.TestWorker$3.run(TestWorker.java:193), org.gradle.api.internal.tasks.testing.worker.TestWorker.executeAndMaintainThreadName(TestWorker.java:129), org.gradle.api.internal.tasks.testing.worker.TestWorker.execute(TestWorker.java:100), org.gradle.api.internal.tasks.testing.worker.TestWorker.execute(TestWorker.java:60), org.gradle.process.internal.worker.child.ActionExecutionWorker.execute(ActionExecutionWorker.java:56), org.gradle.process.internal.worker.child.SystemApplicationClassLoaderWorker.call(SystemApplicationClassLoaderWorker.java:133), org.gradle.process.internal.worker.child.SystemApplicationClassLoaderWorker.call(SystemApplicationClassLoaderWorker.java:71), worker.org.gradle.process.internal.worker.GradleWorkerMain.run(GradleWorkerMain.java:69), worker.org.gradle.process.internal.worker.GradleWorkerMain.main(GradleWorkerMain.java:74)]
2023-10-23 11:15:42,233 ERROR m.WDListener [WDListener.java:145] org.openqa.selenium.interactions.MoveTargetOutOfBoundsException: move target out of bounds
  (Session info: chrome=118.0.5993.71)
Build info: version: '3.141.59', revision: 'e82be7d358', time: '2018-11-14T08:17:03'
System info: host: 'HOLDRAY', ip: '192.168.1.54', os.name: 'Windows 11', os.arch: 'amd64', os.version: '10.0', java.version: '1.8.0_333'
Driver info: org.openqa.selenium.chrome.ChromeDriver
Capabilities {acceptInsecureCerts: false, browserName: chrome, browserVersion: 118.0.5993.71, chrome: {chromedriverVersion: 118.0.5993.70 (e52f33f30b91..., userDataDir: C:\Users\Tipav\AppData\Loca...}, fedcm:accounts: true, goog:chromeOptions: {debuggerAddress: localhost:55316}, javascriptEnabled: true, networkConnectionEnabled: false, pageLoadStrategy: normal, platform: WINDOWS, platformName: WINDOWS, proxy: Proxy(), setWindowRect: true, strictFileInteractability: false, timeouts: {implicit: 0, pageLoad: 300000, script: 30000}, unhandledPromptBehavior: dismiss and notify, webauthn:extension:credBlob: true, webauthn:extension:largeBlob: true, webauthn:extension:minPinLength: true, webauthn:extension:prf: true, webauthn:virtualAuthenticators: true}
Session ID: b7e5c8719718655afa4b759528c6c3fb
2023-10-23 11:15:42,672 INFO m.TestNGListener [TestNGListener.java:28] test failure: positiveRegistration
2023-10-23 11:15:42,673 INFO m.WDListener [WDListener.java:85] start method click
2023-10-23 11:16:42,733 INFO m.WDListener [WDListener.java:91] done method click
2023-10-23 11:16:48,108 INFO t.BaseTest [BaseTest.java:52] stopped method: positiveRegistration
2023-10-23 11:16:48,108 INFO t.BaseTest [BaseTest.java:53] stopped method with params: []
2023-10-23 11:16:48,109 INFO m.TestNGListener [TestNGListener.java:57] all code executed: passed tests: [ResultMap map=[[TestResult name=negativeRegistrationBlankEmail status=SUCCESS method=RegistrationTests.negativeRegistrationBlankEmail()[pri:0, instance:tests.RegistrationTests@67c33749] output={null}]]]
2023-10-23 11:16:48,109 INFO m.TestNGListener [TestNGListener.java:58] all code executed: failed tests: [ResultMap map=[[TestResult name=negativeRegistrationWrongPassword status=FAILURE method=RegistrationTests.negativeRegistrationWrongPassword()[pri:0, instance:tests.RegistrationTests@67c33749] output={null}], [TestResult name=positiveRegistration status=FAILURE method=RegistrationTests.positiveRegistration()[pri:0, instance:tests.RegistrationTests@67c33749] output={null}], [TestResult name=negativeRegistrationWrongEmail status=FAILURE method=RegistrationTests.negativeRegistrationWrongEmail()[pri:0, instance:tests.RegistrationTests@67c33749] output={null}]]]
